<?xml version="1.0" encoding="UTF-8"?>
<!-- Generated by org.testng.reporters.JUnitReportReporter -->
<testsuite hostname="LAPTOP-A4VES5R4" failures="0" tests="9" name="AppiumPractice.Appium.StringOpers" time="0.064" errors="0" timestamp="2025-08-18T15:42:31 IST" skipped="0">
  <testcase classname="AppiumPractice.Appium.StringOpers" name="findDistance" time="0.003"/>
  <testcase classname="AppiumPractice.Appium.StringOpers" name="checkForRotation" time="0.024"/>
  <testcase classname="AppiumPractice.Appium.StringOpers" name="strRev" time="0.007"/>
  <testcase classname="AppiumPractice.Appium.StringOpers" name="isPalindrome" time="0.003"/>
  <testcase classname="AppiumPractice.Appium.StringOpers" name="revWordsOrder" time="0.008"/>
  <testcase classname="AppiumPractice.Appium.StringOpers" name="comPrefix" time="0.006"/>
  <testcase classname="AppiumPractice.Appium.StringOpers" name="findFirstNonRepeatedCharacter" time="0.005"/>
  <testcase classname="AppiumPractice.Appium.StringOpers" name="isPanagram" time="0.003"/>
  <testcase classname="AppiumPractice.Appium.StringOpers" name="printAllSubstrings" time="0.005"/>
</testsuite> <!-- AppiumPractice.Appium.StringOpers -->
