<?xml version="1.0" encoding="UTF-8"?>
<!-- Generated by org.testng.reporters.JUnitReportReporter -->
<testsuite hostname="LAPTOP-A4VES5R4" failures="0" tests="1" name="charprog" time="6.201" errors="0" timestamp="2025-04-10T18:26:24 IST" skipped="0">
  <testcase classname="charprog" name="countChars" time="6.201"/>
</testsuite> <!-- charprog -->
