<?xml version="1.0" encoding="UTF-8"?>
<!-- Generated by org.testng.reporters.JUnitReportReporter -->
<testsuite hostname="LAPTOP-A4VES5R4" failures="0" tests="1" name="GeneralStoreApp.GeneralTest" time="7.457" errors="0" timestamp="2025-07-26T00:47:19 IST" skipped="0">
  <testcase classname="GeneralStoreApp.GeneralTest" name="configureAppium" time="7.457"/>
</testsuite> <!-- GeneralStoreApp.GeneralTest -->
