<?xml version="1.0" encoding="UTF-8"?>
<!-- Generated by org.testng.reporters.JUnitReportReporter -->
<testsuite hostname="LAPTOP-A4VES5R4" failures="0" tests="1" name="AppiumPractice.Appium.DragAndDrop" time="7.869" errors="0" timestamp="2025-02-25T17:06:43 IST" skipped="0">
  <testcase classname="AppiumPractice.Appium.DragAndDrop" name="LongPressTest" time="7.869"/>
</testsuite> <!-- AppiumPractice.Appium.DragAndDrop -->
