<?xml version="1.0" encoding="UTF-8"?>
<!-- Generated by org.testng.reporters.JUnitReportReporter -->
<testsuite hostname="LAPTOP-A4VES5R4" failures="0" tests="1" name="AppiumPractice.Appium.StartActivity" time="8.570" errors="0" timestamp="2025-03-05T18:21:21 IST" skipped="0">
  <testcase classname="AppiumPractice.Appium.StartActivity" name="WiFiSettings" time="8.570"/>
</testsuite> <!-- AppiumPractice.Appium.StartActivity -->
