<?xml version="1.0" encoding="UTF-8"?>
<!-- Generated by org.testng.reporters.JUnitReportReporter -->
<testsuite hostname="LAPTOP-A4VES5R4" failures="0" tests="1" name="AppiumPractice.PrintChars" time="0.009" errors="0" timestamp="2025-03-31T18:22:58 IST" skipped="0">
  <testcase classname="AppiumPractice.PrintChars" name="ArrayOper" time="0.009"/>
</testsuite> <!-- AppiumPractice.PrintChars -->
