<?xml version="1.0" encoding="UTF-8"?>
<!-- Generated by org.testng.reporters.JUnitReportReporter -->
<testsuite hostname="LAPTOP-A4VES5R4" failures="0" tests="4" name="AppiumPractice.Appium.strToCharArray" time="0.016" errors="0" timestamp="2025-07-30T14:29:47 IST" skipped="0">
  <testcase classname="AppiumPractice.Appium.strToCharArray" name="arrayToStr" time="0.010"/>
  <testcase classname="AppiumPractice.Appium.strToCharArray" name="strToarray" time="0.003"/>
  <testcase classname="AppiumPractice.Appium.strToCharArray" name="strOper" time="0.002"/>
  <testcase classname="AppiumPractice.Appium.strToCharArray" name="strReverse" time="0.001"/>
</testsuite> <!-- AppiumPractice.Appium.strToCharArray -->
