<?xml version="1.0" encoding="UTF-8"?>
<!-- Generated by org.testng.reporters.JUnitReportReporter -->
<testsuite hostname="LAPTOP-A4VES5R4" failures="0" tests="1" name="AppiumPractice.Appium.MobileBrowserTest" time="7.028" errors="0" timestamp="2025-03-06T17:12:40 IST" skipped="0">
  <testcase classname="AppiumPractice.Appium.MobileBrowserTest" name="openBrowserApp" time="7.028"/>
</testsuite> <!-- AppiumPractice.Appium.MobileBrowserTest -->
