<?xml version="1.0" encoding="UTF-8"?>
<!-- Generated by org.testng.reporters.JUnitReportReporter -->
<testsuite hostname="LAPTOP-A4VES5R4" failures="0" tests="1" name="AppiumPractice.Appium.LongPress" time="9.404" errors="0" timestamp="2025-02-24T19:35:38 IST" skipped="0">
  <testcase classname="AppiumPractice.Appium.LongPress" name="LongPressTest" time="9.404"/>
</testsuite> <!-- AppiumPractice.Appium.LongPress -->
