<?xml version="1.0" encoding="UTF-8"?>
<!-- Generated by org.testng.reporters.JUnitReportReporter -->
<testsuite hostname="LAPTOP-A4VES5R4" failures="0" tests="1" name="AppiumPractice.Appium.ClipboardCopy" time="11.150" errors="0" timestamp="2025-02-25T22:20:20 IST" skipped="0">
  <testcase classname="AppiumPractice.Appium.ClipboardCopy" name="WiFiSettings" time="11.150"/>
</testsuite> <!-- AppiumPractice.Appium.ClipboardCopy -->
